\BOOKMARK [1][-]{section.1}{Introduction}{}% 1
\BOOKMARK [2][-]{subsection.1.1}{LSM Stores}{section.1}% 2
\BOOKMARK [2][-]{subsection.1.2}{LSM Performance Bottlenecks}{section.1}% 3
\BOOKMARK [2][-]{subsection.1.3}{Accordion}{section.1}% 4
\BOOKMARK [1][-]{section.2}{Background}{}% 5
\BOOKMARK [1][-]{section.3}{Accordion}{}% 6
\BOOKMARK [2][-]{subsection.3.1}{Overview}{section.3}% 7
\BOOKMARK [2][-]{subsection.3.2}{Compaction Policies}{section.3}% 8
\BOOKMARK [2][-]{subsection.3.3}{Concurrency}{section.3}% 9
\BOOKMARK [2][-]{subsection.3.4}{Off-Heap Allocation}{section.3}% 10
\BOOKMARK [1][-]{section.4}{Performance Study}{}% 11
\BOOKMARK [2][-]{subsection.4.1}{Methodology}{section.4}% 12
\BOOKMARK [2][-]{subsection.4.2}{Evaluation Results}{section.4}% 13
\BOOKMARK [3][-]{subsubsection.4.2.1}{Write-Only Workloads}{subsection.4.2}% 14
\BOOKMARK [3][-]{subsubsection.4.2.2}{Read-Write Workload}{subsection.4.2}% 15
\BOOKMARK [3][-]{subsubsection.4.2.3}{Scan-Write Workload}{subsection.4.2}% 16
\BOOKMARK [3][-]{subsubsection.4.2.4}{Parameter Tuning}{subsection.4.2}% 17
\BOOKMARK [1][-]{section.5}{Related Work}{}% 18
\BOOKMARK [1][-]{section.6}{Discussion}{}% 19
\BOOKMARK [1][-]{section.7}{References}{}% 20
